[2023-03-18T23:35:02.083+0800][0.011s] CardTable entry size: 512
[2023-03-18T23:35:02.083+0800][0.012s] Using G1
[2023-03-18T23:35:02.614+0800][0.542s] Version: 19.0.2+7-44 (release)
[2023-03-18T23:35:02.614+0800][0.542s] CPUs: 8 total, 8 available
[2023-03-18T23:35:02.614+0800][0.542s] Memory: 8192M
[2023-03-18T23:35:02.614+0800][0.542s] Large Page Support: Disabled
[2023-03-18T23:35:02.614+0800][0.542s] NUMA Support: Disabled
[2023-03-18T23:35:02.614+0800][0.542s] Compressed Oops: Enabled (Zero based)
[2023-03-18T23:35:02.614+0800][0.542s] Heap Region Size: 1M
[2023-03-18T23:35:02.614+0800][0.542s] Heap Min Capacity: 512M
[2023-03-18T23:35:02.614+0800][0.542s] Heap Initial Capacity: 512M
[2023-03-18T23:35:02.614+0800][0.542s] Heap Max Capacity: 512M
[2023-03-18T23:35:02.614+0800][0.542s] Pre-touch: Enabled
[2023-03-18T23:35:02.614+0800][0.542s] Parallel Workers: 8
[2023-03-18T23:35:02.614+0800][0.542s] Concurrent Workers: 2
[2023-03-18T23:35:02.614+0800][0.542s] Concurrent Refinement Workers: 8
[2023-03-18T23:35:02.614+0800][0.542s] Periodic GC: Disabled
[2023-03-18T23:35:02.615+0800][0.543s] CDS archive(s) mapped at: [0x0000000800000000-0x0000000800c48000-0x0000000800c48000), size 12877824, SharedBaseAddress: 0x0000000800000000, ArchiveRelocationMode: 0.
[2023-03-18T23:35:02.615+0800][0.543s] Compressed class space mapped at: 0x0000000801000000-0x0000000841000000, reserved size: 1073741824
[2023-03-18T23:35:02.615+0800][0.543s] Narrow klass base: 0x0000000800000000, Narrow klass shift: 0, Narrow klass range: 0x100000000
[2023-03-18T23:35:03.795+0800][1.723s] GC(0) Pause Young (Normal) (G1 Evacuation Pause)
[2023-03-18T23:35:03.796+0800][1.724s] GC(0) Using 8 workers of 8 for evacuation
[2023-03-18T23:35:03.801+0800][1.729s] GC(0)   Pre Evacuate Collection Set: 0.1ms
[2023-03-18T23:35:03.801+0800][1.729s] GC(0)   Merge Heap Roots: 0.1ms
[2023-03-18T23:35:03.801+0800][1.729s] GC(0)   Evacuate Collection Set: 4.1ms
[2023-03-18T23:35:03.801+0800][1.729s] GC(0)   Post Evacuate Collection Set: 0.7ms
[2023-03-18T23:35:03.801+0800][1.729s] GC(0)   Other: 0.6ms
[2023-03-18T23:35:03.801+0800][1.729s] GC(0) Eden regions: 29->0(60)
[2023-03-18T23:35:03.801+0800][1.729s] GC(0) Survivor regions: 0->4(4)
[2023-03-18T23:35:03.801+0800][1.729s] GC(0) Old regions: 0->1
[2023-03-18T23:35:03.801+0800][1.729s] GC(0) Archive regions: 2->2
[2023-03-18T23:35:03.801+0800][1.729s] GC(0) Humongous regions: 0->0
[2023-03-18T23:35:03.801+0800][1.729s] GC(0) Metaspace: 10546K(10880K)->10546K(10880K) NonClass: 9359K(9536K)->9359K(9536K) Class: 1186K(1344K)->1186K(1344K)
[2023-03-18T23:35:03.801+0800][1.729s] GC(0) Pause Young (Normal) (G1 Evacuation Pause) 29M->5M(512M) 6.021ms
[2023-03-18T23:35:03.801+0800][1.730s] GC(0) User=0.01s Sys=0.00s Real=0.01s
[2023-03-18T23:35:04.663+0800][2.592s] GC(1) Pause Young (Normal) (G1 Evacuation Pause)
[2023-03-18T23:35:04.663+0800][2.592s] GC(1) Using 8 workers of 8 for evacuation
[2023-03-18T23:35:04.677+0800][2.606s] GC(1)   Pre Evacuate Collection Set: 0.5ms
[2023-03-18T23:35:04.677+0800][2.606s] GC(1)   Merge Heap Roots: 0.4ms
[2023-03-18T23:35:04.677+0800][2.606s] GC(1)   Evacuate Collection Set: 11.2ms
[2023-03-18T23:35:04.677+0800][2.606s] GC(1)   Post Evacuate Collection Set: 1.6ms
[2023-03-18T23:35:04.677+0800][2.606s] GC(1)   Other: 0.1ms
[2023-03-18T23:35:04.677+0800][2.606s] GC(1) Eden regions: 60->0(180)
[2023-03-18T23:35:04.677+0800][2.606s] GC(1) Survivor regions: 4->8(8)
[2023-03-18T23:35:04.677+0800][2.606s] GC(1) Old regions: 1->10
[2023-03-18T23:35:04.677+0800][2.606s] GC(1) Archive regions: 2->2
[2023-03-18T23:35:04.677+0800][2.606s] GC(1) Humongous regions: 4->4
[2023-03-18T23:35:04.677+0800][2.606s] GC(1) Metaspace: 17665K(17984K)->17665K(17984K) NonClass: 15675K(15872K)->15675K(15872K) Class: 1990K(2112K)->1990K(2112K)
[2023-03-18T23:35:04.677+0800][2.606s] GC(1) Pause Young (Normal) (G1 Evacuation Pause) 69M->22M(512M) 14.026ms
[2023-03-18T23:35:04.677+0800][2.606s] GC(1) User=0.04s Sys=0.00s Real=0.01s
[2023-03-18T23:35:05.075+0800][3.003s] GC(2) Pause Young (Concurrent Start) (Metadata GC Threshold)
[2023-03-18T23:35:05.075+0800][3.003s] GC(2) Using 8 workers of 8 for evacuation
[2023-03-18T23:35:05.080+0800][3.009s] GC(2)   Pre Evacuate Collection Set: 0.2ms
[2023-03-18T23:35:05.080+0800][3.009s] GC(2)   Merge Heap Roots: 0.1ms
[2023-03-18T23:35:05.080+0800][3.009s] GC(2)   Evacuate Collection Set: 4.2ms
[2023-03-18T23:35:05.080+0800][3.009s] GC(2)   Post Evacuate Collection Set: 0.8ms
[2023-03-18T23:35:05.080+0800][3.009s] GC(2)   Other: 0.1ms
[2023-03-18T23:35:05.080+0800][3.009s] GC(2) Eden regions: 23->0(202)
[2023-03-18T23:35:05.080+0800][3.009s] GC(2) Survivor regions: 8->10(24)
[2023-03-18T23:35:05.080+0800][3.009s] GC(2) Old regions: 10->10
[2023-03-18T23:35:05.080+0800][3.009s] GC(2) Archive regions: 2->2
[2023-03-18T23:35:05.080+0800][3.009s] GC(2) Humongous regions: 5->4
[2023-03-18T23:35:05.080+0800][3.009s] GC(2) Metaspace: 21169K(21504K)->21169K(21504K) NonClass: 18761K(18944K)->18761K(18944K) Class: 2408K(2560K)->2408K(2560K)
[2023-03-18T23:35:05.080+0800][3.009s] GC(2) Pause Young (Concurrent Start) (Metadata GC Threshold) 45M->24M(512M) 5.652ms
[2023-03-18T23:35:05.080+0800][3.009s] GC(2) User=0.02s Sys=0.00s Real=0.01s
[2023-03-18T23:35:05.081+0800][3.009s] GC(3) Concurrent Mark Cycle
[2023-03-18T23:35:05.081+0800][3.009s] GC(3) Concurrent Clear Claimed Marks
[2023-03-18T23:35:05.081+0800][3.009s] GC(3) Concurrent Clear Claimed Marks 0.038ms
[2023-03-18T23:35:05.081+0800][3.009s] GC(3) Concurrent Scan Root Regions
[2023-03-18T23:35:05.083+0800][3.011s] GC(3) Concurrent Scan Root Regions 2.018ms
[2023-03-18T23:35:05.083+0800][3.011s] GC(3) Concurrent Mark
[2023-03-18T23:35:05.083+0800][3.011s] GC(3) Concurrent Mark From Roots
[2023-03-18T23:35:05.083+0800][3.011s] GC(3) Using 2 workers of 2 for marking
[2023-03-18T23:35:05.093+0800][3.022s] GC(3) Concurrent Mark From Roots 10.627ms
[2023-03-18T23:35:05.093+0800][3.022s] GC(3) Concurrent Preclean
[2023-03-18T23:35:05.093+0800][3.022s] GC(3) Concurrent Preclean 0.030ms
[2023-03-18T23:35:05.094+0800][3.022s] GC(3) Pause Remark
[2023-03-18T23:35:05.095+0800][3.024s] GC(3) Pause Remark 26M->26M(512M) 1.927ms
[2023-03-18T23:35:05.095+0800][3.024s] GC(3) User=0.00s Sys=0.00s Real=0.00s
[2023-03-18T23:35:05.096+0800][3.024s] GC(3) Concurrent Mark 12.880ms
[2023-03-18T23:35:05.096+0800][3.024s] GC(3) Concurrent Rebuild Remembered Sets
[2023-03-18T23:35:05.103+0800][3.031s] GC(3) Concurrent Rebuild Remembered Sets 7.224ms
[2023-03-18T23:35:05.103+0800][3.031s] GC(3) Pause Cleanup
[2023-03-18T23:35:05.103+0800][3.031s] GC(3) Pause Cleanup 26M->26M(512M) 0.110ms
[2023-03-18T23:35:05.103+0800][3.031s] GC(3) User=0.00s Sys=0.00s Real=0.00s
[2023-03-18T23:35:05.103+0800][3.032s] GC(3) Concurrent Cleanup for Next Mark
[2023-03-18T23:35:05.104+0800][3.032s] GC(3) Concurrent Cleanup for Next Mark 0.964ms
[2023-03-18T23:35:05.104+0800][3.033s] GC(3) Concurrent Mark Cycle 23.663ms
[2023-03-18T23:35:07.240+0800][5.168s] GC(4) Pause Young (Concurrent Start) (Metadata GC Threshold)
[2023-03-18T23:35:07.240+0800][5.168s] GC(4) Using 8 workers of 8 for evacuation
[2023-03-18T23:35:07.251+0800][5.179s] GC(4)   Pre Evacuate Collection Set: 0.2ms
[2023-03-18T23:35:07.251+0800][5.179s] GC(4)   Merge Heap Roots: 0.1ms
[2023-03-18T23:35:07.251+0800][5.179s] GC(4)   Evacuate Collection Set: 8.8ms
[2023-03-18T23:35:07.251+0800][5.179s] GC(4)   Post Evacuate Collection Set: 1.4ms
[2023-03-18T23:35:07.251+0800][5.179s] GC(4)   Other: 0.1ms
[2023-03-18T23:35:07.251+0800][5.179s] GC(4) Eden regions: 103->0(290)
[2023-03-18T23:35:07.251+0800][5.179s] GC(4) Survivor regions: 10->17(27)
[2023-03-18T23:35:07.251+0800][5.179s] GC(4) Old regions: 10->10
[2023-03-18T23:35:07.251+0800][5.179s] GC(4) Archive regions: 2->2
[2023-03-18T23:35:07.251+0800][5.179s] GC(4) Humongous regions: 4->4
[2023-03-18T23:35:07.251+0800][5.179s] GC(4) Metaspace: 35639K(36096K)->35639K(36096K) NonClass: 31636K(31872K)->31636K(31872K) Class: 4002K(4224K)->4002K(4224K)
[2023-03-18T23:35:07.251+0800][5.179s] GC(4) Pause Young (Concurrent Start) (Metadata GC Threshold) 127M->31M(512M) 10.928ms
[2023-03-18T23:35:07.251+0800][5.179s] GC(4) User=0.04s Sys=0.00s Real=0.01s
[2023-03-18T23:35:07.251+0800][5.179s] GC(5) Concurrent Mark Cycle
[2023-03-18T23:35:07.251+0800][5.179s] GC(5) Concurrent Clear Claimed Marks
[2023-03-18T23:35:07.251+0800][5.179s] GC(5) Concurrent Clear Claimed Marks 0.046ms
[2023-03-18T23:35:07.251+0800][5.179s] GC(5) Concurrent Scan Root Regions
[2023-03-18T23:35:07.256+0800][5.184s] GC(5) Concurrent Scan Root Regions 4.438ms
[2023-03-18T23:35:07.256+0800][5.184s] GC(5) Concurrent Mark
[2023-03-18T23:35:07.256+0800][5.184s] GC(5) Concurrent Mark From Roots
[2023-03-18T23:35:07.256+0800][5.184s] GC(5) Using 2 workers of 2 for marking
[2023-03-18T23:35:07.271+0800][5.199s] GC(5) Concurrent Mark From Roots 15.436ms
[2023-03-18T23:35:07.271+0800][5.199s] GC(5) Concurrent Preclean
[2023-03-18T23:35:07.271+0800][5.200s] GC(5) Concurrent Preclean 0.025ms
[2023-03-18T23:35:07.272+0800][5.200s] GC(5) Pause Remark
[2023-03-18T23:35:07.276+0800][5.204s] GC(5) Pause Remark 34M->34M(512M) 4.512ms
[2023-03-18T23:35:07.276+0800][5.205s] GC(5) User=0.01s Sys=0.00s Real=0.00s
[2023-03-18T23:35:07.277+0800][5.205s] GC(5) Concurrent Mark 21.216ms
[2023-03-18T23:35:07.277+0800][5.205s] GC(5) Concurrent Rebuild Remembered Sets
[2023-03-18T23:35:07.285+0800][5.213s] GC(5) Concurrent Rebuild Remembered Sets 7.625ms
[2023-03-18T23:35:07.285+0800][5.213s] GC(5) Pause Cleanup
[2023-03-18T23:35:07.285+0800][5.214s] GC(5) Pause Cleanup 35M->35M(512M) 0.160ms
[2023-03-18T23:35:07.285+0800][5.214s] GC(5) User=0.00s Sys=0.00s Real=0.00s
[2023-03-18T23:35:07.285+0800][5.214s] GC(5) Concurrent Cleanup for Next Mark
[2023-03-18T23:35:07.287+0800][5.215s] GC(5) Concurrent Cleanup for Next Mark 1.157ms
[2023-03-18T23:35:07.287+0800][5.215s] GC(5) Concurrent Mark Cycle 35.726ms
