2023-03-30 13:53:05.704 INFO  (main) [] o.e.j.u.log Logging initialized @1342ms to org.eclipse.jetty.util.log.Slf4jLog
2023-03-30 13:53:05.968 INFO  (main) [] o.e.j.s.Server jetty-9.4.48.v20220622; built: 2022-06-21T20:42:25.880Z; git: 6b67c5719d1f4371b33655ff2d047d24e171e49a; jvm 20+36-2344
2023-03-30 13:53:06.631 INFO  (main) [] o.a.s.s.CoreContainerProvider Using logger factory org.apache.logging.slf4j.Log4jLoggerFactory
2023-03-30 13:53:06.644 INFO  (main) [] o.a.s.s.CoreContainerProvider  ___      _       Welcome to Apache Solr™ version 9.1.1
2023-03-30 13:53:06.644 INFO  (main) [] o.a.s.s.CoreContainerProvider / __| ___| |_ _   Starting in cloud mode on port 8983
2023-03-30 13:53:06.644 INFO  (main) [] o.a.s.s.CoreContainerProvider \__ \/ _ \ | '_|  Install dir: C:\Users\redle\OneDrive\Documents\GitHub\CZ4034-Web\backend\solr-9.1.1
2023-03-30 13:53:06.644 INFO  (main) [] o.a.s.s.CoreContainerProvider |___/\___/_|_|    Start time: 2023-03-30T13:53:06.644539200Z
2023-03-30 13:53:06.651 INFO  (main) [] o.a.s.s.CoreContainerProvider Solr Home: C:\Users\redle\OneDrive\Documents\GitHub\CZ4034-Web\backend\solr-9.1.1\server\solr (source: system property: solr.solr.home)
2023-03-30 13:53:06.652 INFO  (main) [] o.a.s.c.SolrXmlConfig Loading solr.xml from C:\Users\redle\OneDrive\Documents\GitHub\CZ4034-Web\backend\solr-9.1.1\server\solr\solr.xml
2023-03-30 13:53:06.738 INFO  (main) [] o.a.s.c.SolrResourceLoader Added 1 libs to classloader, from paths: [/C:/Users/redle/OneDrive/Documents/GitHub/CZ4034-Web/backend/solr-9.1.1/lib]
2023-03-30 13:53:07.575 WARN  (main) [] o.a.s.u.StartupLoggingUtils Jetty request logging enabled. Will retain logs for last 3 days. See chapter "Configuring Logging" in reference guide for how to configure.
2023-03-30 13:53:07.582 INFO  (main) [] o.a.s.c.SolrZkServerProps Reading configuration from: C:\Users\redle\OneDrive\Documents\GitHub\CZ4034-Web\backend\solr-9.1.1\server\solr\zoo.cfg
2023-03-30 13:53:07.584 INFO  (main) [] o.a.s.c.SolrZkServer STARTING EMBEDDED STANDALONE ZOOKEEPER SERVER at port 9983
2023-03-30 13:53:07.585 WARN  (main) [] o.a.s.c.SolrZkServer Embedded Zookeeper is not recommended in production environments. See Reference Guide for details.
2023-03-30 13:53:07.619 WARN  (embeddedZkServer) [] o.a.z.s.ServerCnxnFactory maxCnxns is not configured, using default value 0.
2023-03-30 13:53:08.090 INFO  (main) [] o.a.s.c.ZkContainer Zookeeper client=localhost:9983
2023-03-30 13:53:08.102 INFO  (main) [] o.a.s.c.DistributedClusterStateUpdater Creating DistributedClusterStateUpdater with useDistributedStateUpdate=false. Solr will be using Overseer based cluster state updates.
2023-03-30 13:53:08.128 INFO  (main) [] o.a.s.c.c.ConnectionManager Waiting up to 30000ms for client to connect to ZooKeeper
2023-03-30 13:53:08.131 WARN  (main-SendThread(localhost:9983)) [] o.a.z.ClientCnxn Session 0x0 for server localhost/[0:0:0:0:0:0:0:1]:9983, Closing socket connection. Attempting reconnect except it is a SessionExpiredException. => java.net.ConnectException: Connection refused: no further information
	at java.base/sun.nio.ch.Net.pollConnect(Native Method)
java.net.ConnectException: Connection refused: no further information
	at sun.nio.ch.Net.pollConnect(Native Method) ~[?:?]
	at sun.nio.ch.Net.pollConnectNow(Net.java:673) ~[?:?]
	at sun.nio.ch.SocketChannelImpl.finishConnect(SocketChannelImpl.java:973) ~[?:?]
	at org.apache.zookeeper.ClientCnxnSocketNIO.doTransport(ClientCnxnSocketNIO.java:344) ~[?:?]
	at org.apache.zookeeper.ClientCnxn$SendThread.run(ClientCnxn.java:1282) ~[?:?]
2023-03-30 13:53:09.235 WARN  (main-SendThread(localhost:9983)) [] o.a.z.ClientCnxn Session 0x0 for server localhost/[0:0:0:0:0:0:0:1]:9983, Closing socket connection. Attempting reconnect except it is a SessionExpiredException. => java.net.ConnectException: Connection refused: no further information
	at java.base/sun.nio.ch.Net.pollConnect(Native Method)
java.net.ConnectException: Connection refused: no further information
	at sun.nio.ch.Net.pollConnect(Native Method) ~[?:?]
	at sun.nio.ch.Net.pollConnectNow(Net.java:673) ~[?:?]
	at sun.nio.ch.SocketChannelImpl.finishConnect(SocketChannelImpl.java:973) ~[?:?]
	at org.apache.zookeeper.ClientCnxnSocketNIO.doTransport(ClientCnxnSocketNIO.java:344) ~[?:?]
	at org.apache.zookeeper.ClientCnxn$SendThread.run(ClientCnxn.java:1282) ~[?:?]
2023-03-30 13:53:10.338 WARN  (main-SendThread(localhost:9983)) [] o.a.z.ClientCnxn Session 0x0 for server localhost/[0:0:0:0:0:0:0:1]:9983, Closing socket connection. Attempting reconnect except it is a SessionExpiredException. => java.net.ConnectException: Connection refused: no further information
	at java.base/sun.nio.ch.Net.pollConnect(Native Method)
java.net.ConnectException: Connection refused: no further information
	at sun.nio.ch.Net.pollConnect(Native Method) ~[?:?]
	at sun.nio.ch.Net.pollConnectNow(Net.java:673) ~[?:?]
	at sun.nio.ch.SocketChannelImpl.finishConnect(SocketChannelImpl.java:973) ~[?:?]
	at org.apache.zookeeper.ClientCnxnSocketNIO.doTransport(ClientCnxnSocketNIO.java:344) ~[?:?]
	at org.apache.zookeeper.ClientCnxn$SendThread.run(ClientCnxn.java:1282) ~[?:?]
2023-03-30 13:53:11.459 INFO  (zkConnectionManagerCallback-10-thread-1) [] o.a.s.c.c.ConnectionManager zkClient has connected
2023-03-30 13:53:11.459 INFO  (main) [] o.a.s.c.c.ConnectionManager Client is connected to ZooKeeper
2023-03-30 13:53:11.491 WARN  (main) [] o.a.s.c.ZkController Contents of zookeeper /security.json are world-readable; consider setting up ACLs as described in https://solr.apache.org/guide/solr/latest/deployment-guide/zookeeper-access-control.html
2023-03-30 13:53:11.511 INFO  (main) [] o.a.s.c.DistributedClusterStateUpdater Creating DistributedClusterStateUpdater with useDistributedStateUpdate=false. Solr will be using Overseer based cluster state updates.
2023-03-30 13:53:11.525 INFO  (main) [] o.a.s.c.OverseerElectionContext I am going to be the leader localhost:8983_solr
2023-03-30 13:53:11.541 INFO  (main) [] o.a.s.c.Overseer Overseer (id=72086256011902976-localhost:8983_solr-n_0000000003) starting
2023-03-30 13:53:11.597 INFO  (main) [] o.a.s.c.ZkController Register node as live in ZooKeeper:/live_nodes/localhost:8983_solr
2023-03-30 13:53:11.598 INFO  (OverseerStateUpdate-72086256011902976-localhost:8983_solr-n_0000000003) [] o.a.s.c.Overseer Starting to work on the main queue : localhost:8983_solr
2023-03-30 13:53:11.617 INFO  (zkCallback-9-thread-1) [] o.a.s.c.c.ZkStateReader Updated live nodes from ZooKeeper... (0) -> (1)
2023-03-30 13:53:11.658 WARN  (main) [] o.a.s.c.CoreContainer Not all security plugins configured!  authentication=disabled authorization=disabled.  Solr is only as secure as you make it. Consider configuring authentication/authorization before exposing Solr to users internal or external.  See https://s.apache.org/solrsecurity for more info
2023-03-30 13:53:11.920 INFO  (main) [] o.a.s.c.CorePropertiesLocator Found 1 core definitions underneath C:\Users\redle\OneDrive\Documents\GitHub\CZ4034-Web\backend\solr-9.1.1\server\solr
2023-03-30 13:53:11.921 INFO  (main) [] o.a.s.c.CorePropertiesLocator Cores are: [music_shard1_replica_n1]
2023-03-30 13:53:11.932 INFO  (coreLoadExecutor-17-thread-1-processing-localhost:8983_solr) [] o.a.s.c.TransientSolrCoreCacheDefault Allocating transient core cache for max 2147483647 cores with initial capacity of 1024
2023-03-30 13:53:11.959 INFO  (coreLoadExecutor-17-thread-1-processing-localhost:8983_solr) [] o.a.s.c.SolrConfig Using Lucene MatchVersion: 9.3.0
2023-03-30 13:53:12.016 INFO  (coreLoadExecutor-17-thread-1-processing-localhost:8983_solr) [] o.a.s.s.IndexSchema Schema name=default-config
2023-03-30 13:53:12.251 INFO  (main) [] o.e.j.s.h.ContextHandler Started o.e.j.w.WebAppContext@5910de75{/solr,file:///C:/Users/redle/OneDrive/Documents/GitHub/CZ4034-Web/backend/solr-9.1.1/server/solr-webapp/webapp/,AVAILABLE}{C:\Users\redle\OneDrive\Documents\GitHub\CZ4034-Web\backend\solr-9.1.1\server/solr-webapp/webapp}
2023-03-30 13:53:12.261 INFO  (main) [] o.e.j.s.RequestLogWriter Opened C:\Users\redle\OneDrive\Documents\GitHub\CZ4034-Web\backend\solr-9.1.1\server\logs\2023_03_30.request.log
2023-03-30 13:53:12.274 INFO  (coreLoadExecutor-17-thread-1-processing-localhost:8983_solr) [] o.a.s.s.IndexSchema Loaded schema default-config/1.6 with uniqueid field id
2023-03-30 13:53:12.277 INFO  (main) [] o.e.j.s.AbstractConnector Started ServerConnector@293d0107{HTTP/1.1, (http/1.1, h2c)}{127.0.0.1:8983}
2023-03-30 13:53:12.277 INFO  (main) [] o.e.j.s.Server Started @7917ms
2023-03-30 13:53:12.293 INFO  (coreLoadExecutor-17-thread-1-processing-localhost:8983_solr) [c:music s:shard1 r:core_node2 x:music_shard1_replica_n1] o.a.s.c.SolrConfig Using Lucene MatchVersion: 9.3.0
2023-03-30 13:53:12.295 INFO  (coreLoadExecutor-17-thread-1-processing-localhost:8983_solr) [c:music s:shard1 r:core_node2 x:music_shard1_replica_n1] o.a.s.s.IndexSchema Schema name=default-config
2023-03-30 13:53:12.357 INFO  (coreLoadExecutor-17-thread-1-processing-localhost:8983_solr) [c:music s:shard1 r:core_node2 x:music_shard1_replica_n1] o.a.s.s.IndexSchema Loaded schema default-config/1.6 with uniqueid field id
2023-03-30 13:53:12.357 INFO  (coreLoadExecutor-17-thread-1-processing-localhost:8983_solr) [c:music s:shard1 r:core_node2 x:music_shard1_replica_n1] o.a.s.c.CoreContainer Creating SolrCore 'music_shard1_replica_n1' using configuration from configset music.AUTOCREATED, trusted=true
2023-03-30 13:53:12.383 INFO  (coreLoadExecutor-17-thread-1-processing-localhost:8983_solr) [c:music s:shard1 r:core_node2 x:music_shard1_replica_n1] o.a.s.c.SolrCore Opening new SolrCore at [C:\Users\redle\OneDrive\Documents\GitHub\CZ4034-Web\backend\solr-9.1.1\server\solr\music_shard1_replica_n1], dataDir=[C:\Users\redle\OneDrive\Documents\GitHub\CZ4034-Web\backend\solr-9.1.1\server\solr\music_shard1_replica_n1\data\]
2023-03-30 13:53:12.724 INFO  (qtp48361312-37) [] o.a.s.s.HttpSolrCall [admin] webapp=null path=/admin/info/system params={wt=json} status=0 QTime=84
2023-03-30 13:53:12.768 INFO  (qtp48361312-42) [] o.a.s.s.HttpSolrCall [admin] webapp=null path=/admin/collections params={action=CLUSTERSTATUS&wt=json} status=0 QTime=17
2023-03-30 13:53:12.807 INFO  (qtp48361312-35) [] o.a.s.s.HttpSolrCall [admin] webapp=null path=/admin/cores params={indexInfo=false&wt=json&_=1680184392625} status=0 QTime=1
2023-03-30 13:53:12.836 INFO  (coreLoadExecutor-17-thread-1-processing-localhost:8983_solr) [c:music s:shard1 r:core_node2 x:music_shard1_replica_n1] o.a.s.u.UpdateHandler Using UpdateLog implementation: org.apache.solr.update.UpdateLog
2023-03-30 13:53:12.836 INFO  (coreLoadExecutor-17-thread-1-processing-localhost:8983_solr) [c:music s:shard1 r:core_node2 x:music_shard1_replica_n1] o.a.s.u.UpdateLog Initializing UpdateLog: dataDir= defaultSyncLevel=FLUSH numRecordsToKeep=100 maxNumLogsToKeep=10 numVersionBuckets=65536
2023-03-30 13:53:12.860 INFO  (coreLoadExecutor-17-thread-1-processing-localhost:8983_solr) [c:music s:shard1 r:core_node2 x:music_shard1_replica_n1] o.a.s.u.CommitTracker Hard AutoCommit: if uncommitted for 15000ms; 
2023-03-30 13:53:12.860 INFO  (coreLoadExecutor-17-thread-1-processing-localhost:8983_solr) [c:music s:shard1 r:core_node2 x:music_shard1_replica_n1] o.a.s.u.CommitTracker Soft AutoCommit: disabled
2023-03-30 13:53:12.883 INFO  (qtp48361312-36) [] o.a.s.s.HttpSolrCall [admin] webapp=null path=/admin/info/system params={wt=json&_=1680184392626} status=0 QTime=76
2023-03-30 13:53:12.896 INFO  (qtp48361312-43) [] o.a.s.s.HttpSolrCall [admin] webapp=null path=/admin/collections params={action=LIST&wt=json&_=1680184392625} status=0 QTime=2
2023-03-30 13:53:12.904 INFO  (qtp48361312-35) [] o.a.s.s.HttpSolrCall [admin] webapp=null path=/admin/collections params={action=LISTALIASES&wt=json&_=1680184392625} status=0 QTime=1
2023-03-30 13:53:12.951 INFO  (qtp48361312-41) [] o.a.s.s.HttpSolrCall [admin] webapp=null path=/admin/info/system params={wt=json&_=1680184392626} status=0 QTime=63
2023-03-30 13:53:13.037 INFO  (coreLoadExecutor-17-thread-1-processing-localhost:8983_solr) [c:music s:shard1 r:core_node2 x:music_shard1_replica_n1] o.a.s.r.ManagedResourceStorage Configured ZooKeeperStorageIO with znodeBase: /configs/music.AUTOCREATED
2023-03-30 13:53:13.039 INFO  (coreLoadExecutor-17-thread-1-processing-localhost:8983_solr) [c:music s:shard1 r:core_node2 x:music_shard1_replica_n1] o.a.s.r.ManagedResourceStorage Loaded null at path _rest_managed.json using ZooKeeperStorageIO:path=/configs/music.AUTOCREATED
2023-03-30 13:53:13.040 INFO  (coreLoadExecutor-17-thread-1-processing-localhost:8983_solr) [c:music s:shard1 r:core_node2 x:music_shard1_replica_n1] o.a.s.s.ZkIndexSchemaReader Creating ZooKeeper watch for the managed schema at /configs/music.AUTOCREATED/managed-schema.xml
2023-03-30 13:53:13.041 INFO  (coreLoadExecutor-17-thread-1-processing-localhost:8983_solr) [c:music s:shard1 r:core_node2 x:music_shard1_replica_n1] o.a.s.s.ZkIndexSchemaReader Current schema version 12 is already the latest
2023-03-30 13:53:13.053 INFO  (coreLoadExecutor-17-thread-1-processing-localhost:8983_solr) [c:music s:shard1 r:core_node2 x:music_shard1_replica_n1] o.a.s.s.DirectSolrSpellChecker init: {name=default, field=_text_, classname=solr.DirectSolrSpellChecker, distanceMeasure=internal, maxEdits=2, minPrefix=1, maxInspections=5, minQueryLength=4, accuracy=0.5, maxQueryFrequency=0.01}
2023-03-30 13:53:13.060 INFO  (coreLoadExecutor-17-thread-1-processing-localhost:8983_solr) [c:music s:shard1 r:core_node2 x:music_shard1_replica_n1] o.a.s.h.ReplicationHandler Commits will be reserved for 10000 ms
2023-03-30 13:53:13.080 INFO  (searcherExecutor-19-thread-1-processing-localhost:8983_solr music_shard1_replica_n1 music shard1 core_node2) [c:music s:shard1 r:core_node2 x:music_shard1_replica_n1] o.a.s.c.QuerySenderListener QuerySenderListener done.
2023-03-30 13:53:13.081 INFO  (searcherExecutor-19-thread-1-processing-localhost:8983_solr music_shard1_replica_n1 music shard1 core_node2) [c:music s:shard1 r:core_node2 x:music_shard1_replica_n1] o.a.s.h.c.SpellCheckComponent Loading spell index for spellchecker: default
2023-03-30 13:53:13.088 INFO  (searcherExecutor-19-thread-1-processing-localhost:8983_solr music_shard1_replica_n1 music shard1 core_node2) [c:music s:shard1 r:core_node2 x:music_shard1_replica_n1] o.a.s.c.SolrCore Registered new searcher autowarm time: 0 ms
2023-03-30 13:53:13.118 INFO  (coreZkRegister-1-thread-1-processing-localhost:8983_solr) [c:music s:shard1 r:core_node2 x:music_shard1_replica_n1] o.a.s.c.ShardLeaderElectionContextBase make sure parent is created /collections/music/leaders/shard1
2023-03-30 13:53:13.128 INFO  (coreZkRegister-1-thread-1-processing-localhost:8983_solr) [c:music s:shard1 r:core_node2 x:music_shard1_replica_n1] o.a.s.c.ShardLeaderElectionContext Enough replicas found to continue.
2023-03-30 13:53:13.128 INFO  (coreZkRegister-1-thread-1-processing-localhost:8983_solr) [c:music s:shard1 r:core_node2 x:music_shard1_replica_n1] o.a.s.c.ShardLeaderElectionContext I may be the new leader - try and sync
2023-03-30 13:53:13.128 INFO  (coreZkRegister-1-thread-1-processing-localhost:8983_solr) [c:music s:shard1 r:core_node2 x:music_shard1_replica_n1] o.a.s.c.SyncStrategy Sync replicas to http://localhost:8983/solr/music_shard1_replica_n1/
2023-03-30 13:53:13.130 INFO  (coreZkRegister-1-thread-1-processing-localhost:8983_solr) [c:music s:shard1 r:core_node2 x:music_shard1_replica_n1] o.a.s.c.SyncStrategy Sync Success - now sync replicas to me
2023-03-30 13:53:13.130 INFO  (coreZkRegister-1-thread-1-processing-localhost:8983_solr) [c:music s:shard1 r:core_node2 x:music_shard1_replica_n1] o.a.s.c.SyncStrategy http://localhost:8983/solr/music_shard1_replica_n1/ has no replicas
2023-03-30 13:53:13.131 INFO  (coreZkRegister-1-thread-1-processing-localhost:8983_solr) [c:music s:shard1 r:core_node2 x:music_shard1_replica_n1] o.a.s.c.ShardLeaderElectionContextBase Creating leader registration node /collections/music/leaders/shard1/leader after winning as /collections/music/leader_elect/shard1/election/72086256011902976-core_node2-n_0000000003
2023-03-30 13:53:13.139 INFO  (coreZkRegister-1-thread-1-processing-localhost:8983_solr) [c:music s:shard1 r:core_node2 x:music_shard1_replica_n1] o.a.s.c.ShardLeaderElectionContext I am the new leader: http://localhost:8983/solr/music_shard1_replica_n1/ shard1
2023-03-30 13:53:13.145 INFO  (coreZkRegister-1-thread-1-processing-localhost:8983_solr) [c:music s:shard1 r:core_node2 x:music_shard1_replica_n1] o.a.s.c.ZkController I am the leader, no recovery necessary
2023-03-30 13:53:13.164 INFO  (zkCallback-9-thread-1) [] o.a.s.c.c.ZkStateReader A cluster state change: [WatchedEvent state:SyncConnected type:NodeDataChanged path:/collections/music/state.json] for collection [music] has occurred - updating... (live nodes size: [1])
2023-03-30 13:53:13.164 INFO  (zkCallback-9-thread-2) [] o.a.s.c.c.ZkStateReader A cluster state change: [WatchedEvent state:SyncConnected type:NodeDataChanged path:/collections/music/state.json] for collection [music] has occurred - updating... (live nodes size: [1])
2023-03-30 13:53:13.165 INFO  (zkCallback-9-thread-3) [] o.a.s.c.c.ZkStateReader A cluster state change: [WatchedEvent state:SyncConnected type:NodeDataChanged path:/collections/music/state.json] for collection [music] has occurred - updating... (live nodes size: [1])
2023-03-30 13:53:13.165 INFO  (zkCallback-9-thread-4) [] o.a.s.c.c.ZkStateReader A cluster state change: [WatchedEvent state:SyncConnected type:NodeDataChanged path:/collections/music/state.json] for collection [music] has occurred - updating... (live nodes size: [1])
2023-03-30 13:53:13.165 INFO  (zkCallback-9-thread-5) [] o.a.s.c.c.ZkStateReader A cluster state change: [WatchedEvent state:SyncConnected type:NodeDataChanged path:/collections/music/state.json] for collection [music] has occurred - updating... (live nodes size: [1])
